<?xml version="1.0" encoding="UTF-8"?>
<testng-results skipped="0" failed="0" ignored="0" total="1" passed="1">
  <reporter-output>
  </reporter-output>
  <suite name="MyRunnerTest" duration-ms="6098" started-at="2018-11-27T10:33:22Z" finished-at="2018-11-27T10:33:28Z">
    <groups>
    </groups>
    <test name="testSearchBox" duration-ms="6098" started-at="2018-11-27T10:33:22Z" finished-at="2018-11-27T10:33:28Z">
      <class name="com.seleniumPractice.SeleniumCucumber.runners.MyRunnerTest">
        <test-method status="PASS" signature="setUp()[pri:0, instance:com.seleniumPractice.SeleniumCucumber.runners.MyRunnerTest@104351d]" name="setUp" is-config="true" duration-ms="5899" started-at="2018-11-27T10:33:22Z" finished-at="2018-11-27T10:33:28Z">
          <reporter-output>
          </reporter-output>
        </test-method> <!-- setUp -->
        <test-method status="PASS" signature="search(cucumber.api.testng.CucumberFeatureWrapper)[pri:0, instance:com.seleniumPractice.SeleniumCucumber.runners.MyRunnerTest@104351d]" name="search" duration-ms="28" started-at="2018-11-27T10:33:28Z" description="search" data-provider="features" finished-at="2018-11-27T10:33:28Z">
          <params>
            <param index="0">
              <value>
                <![CDATA[basket]]>
              </value>
            </param>
          </params>
          <reporter-output>
          </reporter-output>
        </test-method> <!-- search -->
        <test-method status="PASS" signature="tearDown()[pri:0, instance:com.seleniumPractice.SeleniumCucumber.runners.MyRunnerTest@104351d]" name="tearDown" is-config="true" duration-ms="12" started-at="2018-11-27T10:33:28Z" finished-at="2018-11-27T10:33:28Z">
          <reporter-output>
          </reporter-output>
        </test-method> <!-- tearDown -->
      </class> <!-- com.seleniumPractice.SeleniumCucumber.runners.MyRunnerTest -->
    </test> <!-- testSearchBox -->
  </suite> <!-- MyRunnerTest -->
</testng-results>
