<?xml version="1.0" encoding="UTF-8"?>
<testng-results skipped="0" failed="0" ignored="0" total="1" passed="1">
  <reporter-output>
  </reporter-output>
  <suite name="Default suite" duration-ms="8604" started-at="2018-11-27T10:34:56Z" finished-at="2018-11-27T10:35:04Z">
    <groups>
    </groups>
    <test name="Default test" duration-ms="8604" started-at="2018-11-27T10:34:56Z" finished-at="2018-11-27T10:35:04Z">
      <class name="com.seleniumPractice.SeleniumCucumber.runners.MyRunnerTest">
        <test-method status="PASS" signature="setUp()[pri:0, instance:com.seleniumPractice.SeleniumCucumber.runners.MyRunnerTest@14ba872]" name="setUp" is-config="true" duration-ms="8368" started-at="2018-11-27T10:34:56Z" finished-at="2018-11-27T10:35:04Z">
          <reporter-output>
          </reporter-output>
        </test-method> <!-- setUp -->
        <test-method status="PASS" signature="search(cucumber.api.testng.CucumberFeatureWrapper)[pri:0, instance:com.seleniumPractice.SeleniumCucumber.runners.MyRunnerTest@14ba872]" name="search" duration-ms="36" started-at="2018-11-27T10:35:04Z" description="search" data-provider="features" finished-at="2018-11-27T10:35:04Z">
          <params>
            <param index="0">
              <value>
                <![CDATA[basket]]>
              </value>
            </param>
          </params>
          <reporter-output>
          </reporter-output>
        </test-method> <!-- search -->
        <test-method status="PASS" signature="tearDown()[pri:0, instance:com.seleniumPractice.SeleniumCucumber.runners.MyRunnerTest@14ba872]" name="tearDown" is-config="true" duration-ms="20" started-at="2018-11-27T10:35:04Z" finished-at="2018-11-27T10:35:04Z">
          <reporter-output>
          </reporter-output>
        </test-method> <!-- tearDown -->
      </class> <!-- com.seleniumPractice.SeleniumCucumber.runners.MyRunnerTest -->
    </test> <!-- Default test -->
  </suite> <!-- Default suite -->
</testng-results>
